This is XeTeX, Version 3.14159265-2.6-0.99996 (MiKTeX 2.9 64-bit) (preloaded format=xelatex 2017.5.23)  19 JUL 2017 14:10
entering extended mode
**./paper.tex
(paper.tex
LaTeX2e <2016/03/31>
Babel <3.9r> and hyphenation patterns for 75 language(s) loaded.

("C:\Users\rona\AppData\Local\Programs\MiKTeX 2.9\tex\latex\ieeetran\IEEEtran.c
ls"
Document Class: IEEEtran 2015/08/26 V1.8b by Michael Shell
-- See the "IEEEtran_HOWTO" manual for usage information.
-- http://www.michaelshell.org/tex/ieeetran/
\@IEEEtrantmpdimenA=\dimen102
\@IEEEtrantmpdimenB=\dimen103
\@IEEEtrantmpdimenC=\dimen104
\@IEEEtrantmpcountA=\count79
\@IEEEtrantmpcountB=\count80
\@IEEEtrantmpcountC=\count81
\@IEEEtrantmptoksA=\toks14
LaTeX Font Info:    Try loading font information for OT1+ptm on input line 503.

("C:\Users\rona\AppData\Local\Programs\MiKTeX 2.9\tex\latex\psnfss\ot1ptm.fd"
File: ot1ptm.fd 2001/06/04 font definitions for OT1/ptm.
)
-- Using 210mm x 297mm (a4) paper.
-- Using DVI output.
\@IEEEnormalsizeunitybaselineskip=\dimen105
-- This is a 10 point document.
\CLASSINFOnormalsizebaselineskip=\dimen106
\CLASSINFOnormalsizeunitybaselineskip=\dimen107
\IEEEnormaljot=\dimen108
LaTeX Font Info:    Font shape `OT1/ptm/bx/n' in size <5> not available
(Font)              Font shape `OT1/ptm/b/n' tried instead on input line 1090.
LaTeX Font Info:    Font shape `OT1/ptm/bx/it' in size <5> not available
(Font)              Font shape `OT1/ptm/b/it' tried instead on input line 1090.

LaTeX Font Info:    Font shape `OT1/ptm/bx/n' in size <7> not available
(Font)              Font shape `OT1/ptm/b/n' tried instead on input line 1090.
LaTeX Font Info:    Font shape `OT1/ptm/bx/it' in size <7> not available
(Font)              Font shape `OT1/ptm/b/it' tried instead on input line 1090.

LaTeX Font Info:    Font shape `OT1/ptm/bx/n' in size <8> not available
(Font)              Font shape `OT1/ptm/b/n' tried instead on input line 1090.
LaTeX Font Info:    Font shape `OT1/ptm/bx/it' in size <8> not available
(Font)              Font shape `OT1/ptm/b/it' tried instead on input line 1090.

LaTeX Font Info:    Font shape `OT1/ptm/bx/n' in size <9> not available
(Font)              Font shape `OT1/ptm/b/n' tried instead on input line 1090.
LaTeX Font Info:    Font shape `OT1/ptm/bx/it' in size <9> not available
(Font)              Font shape `OT1/ptm/b/it' tried instead on input line 1090.

LaTeX Font Info:    Font shape `OT1/ptm/bx/n' in size <10> not available
(Font)              Font shape `OT1/ptm/b/n' tried instead on input line 1090.
LaTeX Font Info:    Font shape `OT1/ptm/bx/it' in size <10> not available
(Font)              Font shape `OT1/ptm/b/it' tried instead on input line 1090.

LaTeX Font Info:    Font shape `OT1/ptm/bx/n' in size <11> not available
(Font)              Font shape `OT1/ptm/b/n' tried instead on input line 1090.
LaTeX Font Info:    Font shape `OT1/ptm/bx/it' in size <11> not available
(Font)              Font shape `OT1/ptm/b/it' tried instead on input line 1090.

LaTeX Font Info:    Font shape `OT1/ptm/bx/n' in size <12> not available
(Font)              Font shape `OT1/ptm/b/n' tried instead on input line 1090.
LaTeX Font Info:    Font shape `OT1/ptm/bx/it' in size <12> not available
(Font)              Font shape `OT1/ptm/b/it' tried instead on input line 1090.

LaTeX Font Info:    Font shape `OT1/ptm/bx/n' in size <17> not available
(Font)              Font shape `OT1/ptm/b/n' tried instead on input line 1090.
LaTeX Font Info:    Font shape `OT1/ptm/bx/it' in size <17> not available
(Font)              Font shape `OT1/ptm/b/it' tried instead on input line 1090.

LaTeX Font Info:    Font shape `OT1/ptm/bx/n' in size <20> not available
(Font)              Font shape `OT1/ptm/b/n' tried instead on input line 1090.
LaTeX Font Info:    Font shape `OT1/ptm/bx/it' in size <20> not available
(Font)              Font shape `OT1/ptm/b/it' tried instead on input line 1090.

LaTeX Font Info:    Font shape `OT1/ptm/bx/n' in size <24> not available
(Font)              Font shape `OT1/ptm/b/n' tried instead on input line 1090.
LaTeX Font Info:    Font shape `OT1/ptm/bx/it' in size <24> not available
(Font)              Font shape `OT1/ptm/b/it' tried instead on input line 1090.

\IEEEquantizedlength=\dimen109
\IEEEquantizedlengthdiff=\dimen110
\IEEEquantizedtextheightdiff=\dimen111
\IEEEilabelindentA=\dimen112
\IEEEilabelindentB=\dimen113
\IEEEilabelindent=\dimen114
\IEEEelabelindent=\dimen115
\IEEEdlabelindent=\dimen116
\IEEElabelindent=\dimen117
\IEEEiednormlabelsep=\dimen118
\IEEEiedmathlabelsep=\dimen119
\IEEEiedtopsep=\skip41
\c@section=\count82
\c@subsection=\count83
\c@subsubsection=\count84
\c@paragraph=\count85
\c@IEEEsubequation=\count86
\abovecaptionskip=\skip42
\belowcaptionskip=\skip43
\c@figure=\count87
\c@table=\count88
\@IEEEeqnnumcols=\count89
\@IEEEeqncolcnt=\count90
\@IEEEsubeqnnumrollback=\count91
\@IEEEquantizeheightA=\dimen120
\@IEEEquantizeheightB=\dimen121
\@IEEEquantizeheightC=\dimen122
\@IEEEquantizeprevdepth=\dimen123
\@IEEEquantizemultiple=\count92
\@IEEEquantizeboxA=\box26
\@IEEEtmpitemindent=\dimen124
\IEEEPARstartletwidth=\dimen125
\c@IEEEbiography=\count93
\@IEEEtranrubishbin=\box27
)
("C:\Users\rona\AppData\Local\Programs\MiKTeX 2.9\tex\latex\amsmath\amsmath.sty
"
Package: amsmath 2016/03/10 v2.15b AMS math features
\@mathmargin=\skip44

For additional information on amsmath, use the `?' option.
("C:\Users\rona\AppData\Local\Programs\MiKTeX 2.9\tex\latex\amsmath\amstext.sty
"
Package: amstext 2000/06/29 v2.01 AMS text
 ("C:\Users\rona\AppData\Local\Programs\MiKTeX 2.9\tex\latex\amsmath\amsgen.sty
"
File: amsgen.sty 1999/11/30 v2.0 generic functions
\@emptytoks=\toks15
\ex@=\dimen126
))
("C:\Users\rona\AppData\Local\Programs\MiKTeX 2.9\tex\latex\amsmath\amsbsy.sty"
Package: amsbsy 1999/11/29 v1.2d Bold Symbols
\pmbraise@=\dimen127
) ("C:\Users\rona\AppData\Local\Programs\MiKTeX 2.9\tex\latex\amsmath\amsopn.st
y"
Package: amsopn 2016/03/08 v2.02 operator names
)
\inf@bad=\count94
LaTeX Info: Redefining \frac on input line 199.
\uproot@=\count95
\leftroot@=\count96
LaTeX Info: Redefining \overline on input line 297.
\classnum@=\count97
\DOTSCASE@=\count98
LaTeX Info: Redefining \ldots on input line 394.
LaTeX Info: Redefining \dots on input line 397.
LaTeX Info: Redefining \cdots on input line 518.
\Mathstrutbox@=\box28
\strutbox@=\box29
\big@size=\dimen128
LaTeX Font Info:    Redeclaring font encoding OML on input line 634.
LaTeX Font Info:    Redeclaring font encoding OMS on input line 635.
\macc@depth=\count99
\c@MaxMatrixCols=\count100
\dotsspace@=\muskip10
\c@parentequation=\count101
\dspbrk@lvl=\count102
\tag@help=\toks16
\row@=\count103
\column@=\count104
\maxfields@=\count105
\andhelp@=\toks17
\eqnshift@=\dimen129
\alignsep@=\dimen130
\tagshift@=\dimen131
\tagwidth@=\dimen132
\totwidth@=\dimen133
\lineht@=\dimen134
\@envbody=\toks18
\multlinegap=\skip45
\multlinetaggap=\skip46
\mathdisplay@stack=\toks19
LaTeX Info: Redefining \[ on input line 2739.
LaTeX Info: Redefining \] on input line 2740.
)
("C:\Users\rona\AppData\Local\Programs\MiKTeX 2.9\tex\generic\babel\babel.sty"
Package: babel 2016/04/23 3.9r The Babel package

*************************************
* Local config file bblopts.cfg used
*
("C:\Users\rona\AppData\Local\Programs\MiKTeX 2.9\tex\latex\arabi\bblopts.cfg"
File: bblopts.cfg 2005/09/08 v0.1 add Arabic and Farsi to "declared" options of
 babel
)
("C:\Users\rona\AppData\Local\Programs\MiKTeX 2.9\tex\latex\babel-bahasa\bahasa
i.ldf"
Language: bahasa 2008/03/15 v1.0l Bahasa Indonesia support from the babel syste
m

("C:\Users\rona\AppData\Local\Programs\MiKTeX 2.9\tex\generic\babel\babel.def"
File: babel.def 2016/04/23 3.9r Babel common definitions
\babel@savecnt=\count106
\U@D=\dimen135

("C:\Users\rona\AppData\Local\Programs\MiKTeX 2.9\tex\generic\babel\xebabel.def
"))))
("C:\Users\rona\AppData\Local\Programs\MiKTeX 2.9\tex\latex\base\inputenc.sty"
Package: inputenc 2015/03/17 v1.2c Input encoding file
\inpenc@prehook=\toks20
\inpenc@posthook=\toks21


Package inputenc Warning: inputenc package ignored with utf8 based engines.

)
("C:\Users\rona\AppData\Local\Programs\MiKTeX 2.9\tex\latex\caption\caption.sty
"
Package: caption 2016/02/21 v3.3-144 Customizing captions (AR)

("C:\Users\rona\AppData\Local\Programs\MiKTeX 2.9\tex\latex\caption\caption3.st
y"
Package: caption3 2016/05/22 v1.7-166 caption3 kernel (AR)
Package caption3 Info: TeX engine: e-TeX on input line 67.

("C:\Users\rona\AppData\Local\Programs\MiKTeX 2.9\tex\latex\graphics\keyval.sty
"
Package: keyval 2014/10/28 v1.15 key=value parser (DPC)
\KV@toks@=\toks22
)
\captionmargin=\dimen136
\captionmargin@=\dimen137
\captionwidth=\dimen138
\caption@tempdima=\dimen139
\caption@indent=\dimen140
\caption@parindent=\dimen141
\caption@hangindent=\dimen142
Package caption Info: Unknown document class (or package),
(caption)             standard defaults will be used.
)

Package caption Warning: Unsupported document class (or package) detected,
(caption)                usage of the caption package is not recommended.
See the caption package documentation for explanation.

Package caption Info: \@makecaption = \long macro:#1#2->\ifx \@captype \@IEEEta
blestring \footnotesize \bgroup \par \centering \@IEEEtabletopskipstrut {\norma
lfont \footnotesize #1}\\{\normalfont \footnotesize \scshape #2}\par \addvspace
 {0.5\baselineskip }\egroup \@IEEEtablecaptionsepspace \else \@IEEEfigurecaptio
nsepspace \setbox \@tempboxa \hbox {\normalfont \footnotesize {#1.}\nobreakspac
e \nobreakspace #2}\ifdim \wd \@tempboxa >\hsize \setbox \@tempboxa \hbox {\nor
malfont \footnotesize {#1.}\nobreakspace \nobreakspace }\parbox [t]{\hsize }{\n
ormalfont \footnotesize \noindent \unhbox \@tempboxa #2}\else \ifCLASSOPTIONcon
ference \hbox to\hsize {\normalfont \footnotesize \hfil \box \@tempboxa \hfil }
\else \hbox to\hsize {\normalfont \footnotesize \box \@tempboxa \hfil }\fi \fi 
\fi .
\c@ContinuedFloat=\count107
)
("C:\Users\rona\AppData\Local\Programs\MiKTeX 2.9\tex\latex\graphics\graphicx.s
ty"
Package: graphicx 2014/10/28 v1.0g Enhanced LaTeX Graphics (DPC,SPQR)

("C:\Users\rona\AppData\Local\Programs\MiKTeX 2.9\tex\latex\graphics\graphics.s
ty"
Package: graphics 2016/05/09 v1.0r Standard LaTeX Graphics (DPC,SPQR)

("C:\Users\rona\AppData\Local\Programs\MiKTeX 2.9\tex\latex\graphics\trig.sty"
Package: trig 2016/01/03 v1.10 sin cos tan (DPC)
)
("C:\Users\rona\AppData\Local\Programs\MiKTeX 2.9\tex\latex\00miktex\graphics.c
fg"
File: graphics.cfg 2016/01/02 v1.10 sample graphics configuration
)
Package graphics Info: Driver file: xetex.def on input line 96.

("C:\Users\rona\AppData\Local\Programs\MiKTeX 2.9\tex\xelatex\xetex-def\xetex.d
ef"
File: xetex.def 2016/04/06 v4.08 LaTeX color/graphics driver for XeTeX (TeX Liv
e/RRM/JK)

("C:\Users\rona\AppData\Local\Programs\MiKTeX 2.9\tex\generic\oberdiek\infwarer
r.sty"
Package: infwarerr 2016/05/16 v1.4 Providing info/warning/error messages (HO)
)
("C:\Users\rona\AppData\Local\Programs\MiKTeX 2.9\tex\generic\oberdiek\ltxcmds.
sty"
Package: ltxcmds 2016/05/16 v1.23 LaTeX kernel commands for general use (HO)
)))
\Gin@req@height=\dimen143
\Gin@req@width=\dimen144
)
("C:\Users\rona\AppData\Local\Programs\MiKTeX 2.9\tex\latex\hyperref\hyperref.s
ty"
Package: hyperref 2016/05/21 v6.83p Hypertext links for LaTeX

("C:\Users\rona\AppData\Local\Programs\MiKTeX 2.9\tex\generic\oberdiek\hobsub-h
yperref.sty"
Package: hobsub-hyperref 2016/05/16 v1.14 Bundle oberdiek, subset hyperref (HO)


("C:\Users\rona\AppData\Local\Programs\MiKTeX 2.9\tex\generic\oberdiek\hobsub-g
eneric.sty"
Package: hobsub-generic 2016/05/16 v1.14 Bundle oberdiek, subset generic (HO)
Package: hobsub 2016/05/16 v1.14 Construct package bundles (HO)
Package hobsub Info: Skipping package `infwarerr' (already loaded).
Package hobsub Info: Skipping package `ltxcmds' (already loaded).
Package: ifluatex 2016/05/16 v1.4 Provides the ifluatex switch (HO)
Package ifluatex Info: LuaTeX not detected.
Package: ifvtex 2016/05/16 v1.6 Detect VTeX and its facilities (HO)
Package ifvtex Info: VTeX not detected.
Package: intcalc 2016/05/16 v1.2 Expandable calculations with integers (HO)
Package: ifpdf 2016/05/14 v3.1 Provides the ifpdf switch
Package: etexcmds 2016/05/16 v1.6 Avoid name clashes with e-TeX commands (HO)
Package etexcmds Info: Could not find \expanded.
(etexcmds)             That can mean that you are not using pdfTeX 1.50 or
(etexcmds)             that some package has redefined \expanded.
(etexcmds)             In the latter case, load this package earlier.
Package: kvsetkeys 2016/05/16 v1.17 Key value parser (HO)
Package: kvdefinekeys 2016/05/16 v1.4 Define keys (HO)
Package: pdftexcmds 2016/05/21 v0.22 Utility functions of pdfTeX for LuaTeX (HO
)
Package pdftexcmds Info: LuaTeX not detected.
Package pdftexcmds Info: pdfTeX >= 1.30 not detected.
Package pdftexcmds Info: \pdf@primitive is available.
Package pdftexcmds Info: \pdf@ifprimitive is available.
Package pdftexcmds Info: \pdfdraftmode not found.
Package: pdfescape 2016/05/16 v1.14 Implements pdfTeX's escape features (HO)
Package: bigintcalc 2016/05/16 v1.4 Expandable calculations on big integers (HO
)
Package: bitset 2016/05/16 v1.2 Handle bit-vector datatype (HO)
Package: uniquecounter 2016/05/16 v1.3 Provide unlimited unique counter (HO)
)
Package hobsub Info: Skipping package `hobsub' (already loaded).
Package: letltxmacro 2016/05/16 v1.5 Let assignment for LaTeX macros (HO)
Package: hopatch 2016/05/16 v1.3 Wrapper for package hooks (HO)
Package: xcolor-patch 2016/05/16 xcolor patch
Package: atveryend 2016/05/16 v1.9 Hooks at the very end of document (HO)
Package atveryend Info: \enddocument detected (standard20110627).
Package: atbegshi 2016/05/16 v1.17 At begin shipout hook (HO)
Package: refcount 2016/05/16 v3.5 Data extraction from label references (HO)
Package: hycolor 2016/05/16 v1.8 Color options for hyperref/bookmark (HO)
)
("C:\Users\rona\AppData\Local\Programs\MiKTeX 2.9\tex\generic\ifxetex\ifxetex.s
ty"
Package: ifxetex 2010/09/12 v0.6 Provides ifxetex conditional
)
("C:\Users\rona\AppData\Local\Programs\MiKTeX 2.9\tex\latex\oberdiek\auxhook.st
y"
Package: auxhook 2016/05/16 v1.4 Hooks for auxiliary files (HO)
)
("C:\Users\rona\AppData\Local\Programs\MiKTeX 2.9\tex\latex\oberdiek\kvoptions.
sty"
Package: kvoptions 2016/05/16 v3.12 Key value format for package options (HO)
)
\@linkdim=\dimen145
\Hy@linkcounter=\count108
\Hy@pagecounter=\count109

("C:\Users\rona\AppData\Local\Programs\MiKTeX 2.9\tex\latex\hyperref\pd1enc.def
"
File: pd1enc.def 2016/05/21 v6.83p Hyperref: PDFDocEncoding definition (HO)
)
\Hy@SavedSpaceFactor=\count110

("C:\Users\rona\AppData\Local\Programs\MiKTeX 2.9\tex\latex\00miktex\hyperref.c
fg"
File: hyperref.cfg 2002/06/06 v1.2 hyperref configuration of TeXLive
)
Package hyperref Info: Hyper figures OFF on input line 4486.
Package hyperref Info: Link nesting OFF on input line 4491.
Package hyperref Info: Hyper index ON on input line 4494.
Package hyperref Info: Plain pages OFF on input line 4501.
Package hyperref Info: Backreferencing OFF on input line 4506.
Package hyperref Info: Implicit mode ON; LaTeX internals redefined.
Package hyperref Info: Bookmarks ON on input line 4735.
\c@Hy@tempcnt=\count111
 ("C:\Users\rona\AppData\Local\Programs\MiKTeX 2.9\tex\latex\url\url.sty"
\Urlmuskip=\muskip11
Package: url 2013/09/16  ver 3.4  Verb mode for urls, etc.
)
LaTeX Info: Redefining \url on input line 5088.
\XeTeXLinkMargin=\dimen146
\Fld@menulength=\count112
\Field@Width=\dimen147
\Fld@charsize=\dimen148
Package hyperref Info: Hyper figures OFF on input line 6342.
Package hyperref Info: Link nesting OFF on input line 6347.
Package hyperref Info: Hyper index ON on input line 6350.
Package hyperref Info: backreferencing OFF on input line 6357.
Package hyperref Info: Link coloring OFF on input line 6362.
Package hyperref Info: Link coloring with OCG OFF on input line 6367.
Package hyperref Info: PDF/A mode OFF on input line 6372.
LaTeX Info: Redefining \ref on input line 6412.
LaTeX Info: Redefining \pageref on input line 6416.
\Hy@abspage=\count113
\c@Item=\count114
\c@Hfootnote=\count115
)

Package hyperref Message: Driver (autodetected): hxetex.

("C:\Users\rona\AppData\Local\Programs\MiKTeX 2.9\tex\latex\hyperref\hxetex.def
"
File: hxetex.def 2016/05/21 v6.83p Hyperref driver for XeTeX
 ("C:\Users\rona\AppData\Local\Programs\MiKTeX 2.9\tex\latex\hyperref\puenc.def
"
File: puenc.def 2016/05/21 v6.83p Hyperref: PDF Unicode definition (HO)
)
("C:\Users\rona\AppData\Local\Programs\MiKTeX 2.9\tex\generic\oberdiek\stringen
c.sty"
Package: stringenc 2016/05/16 v1.11 Convert strings between diff. encodings (HO
)
)
\pdfm@box=\box30
\c@Hy@AnnotLevel=\count116
\HyField@AnnotCount=\count117
\Fld@listcount=\count118
\c@bookmark@seq@number=\count119

("C:\Users\rona\AppData\Local\Programs\MiKTeX 2.9\tex\latex\oberdiek\rerunfilec
heck.sty"
Package: rerunfilecheck 2016/05/16 v1.8 Rerun checks for auxiliary files (HO)
Package rerunfilecheck Info: Feature \pdfmdfivesum is not available
(rerunfilecheck)             (e.g. pdfTeX or LuaTeX with package `pdftexcmds').

(rerunfilecheck)             Therefore file contents cannot be checked efficien
tly
(rerunfilecheck)             and the loading of the package is aborted.
)
\Hy@SectionHShift=\skip47
)
("C:\Users\rona\AppData\Local\Programs\MiKTeX 2.9\tex\xelatex\xesearch\xesearch
.sty"
Package: xesearch 2009/11/04 v.0.1 Searching documents.
\xs@TempCount=\count120
\xs@CaseSensitive=\count121
\xs@TempLength=\count122
\xs@Length=\count123
\xs@Box=\box31
\xs@DefToks=\toks23
\xs@NoReplaceToks=\toks24
)
("C:\Users\rona\AppData\Local\Programs\MiKTeX 2.9\tex\latex\float\float.sty"
Package: float 2001/11/08 v1.3d Float enhancements (AL)
\c@float@type=\count124
\float@exts=\toks25
\float@box=\box32
\@float@everytoks=\toks26
\@floatcapt=\box33
)
\@float@every@table=\toks27

("C:\Users\rona\AppData\Local\Programs\MiKTeX 2.9\tex\latex\hyphenat\hyphenat.s
ty"
Package: hyphenat 2009/09/02 v2.3c hyphenation utilities
\langwohyphens=\language75
LaTeX Info: Redefining \_ on input line 43.
) (paper.aux)
\openout1 = `paper.aux'.

LaTeX Font Info:    Checking defaults for OML/cmm/m/it on input line 36.
LaTeX Font Info:    ... okay on input line 36.
LaTeX Font Info:    Checking defaults for T1/cmr/m/n on input line 36.
LaTeX Font Info:    ... okay on input line 36.
LaTeX Font Info:    Checking defaults for OT1/cmr/m/n on input line 36.
LaTeX Font Info:    ... okay on input line 36.
LaTeX Font Info:    Checking defaults for OMS/cmsy/m/n on input line 36.
LaTeX Font Info:    ... okay on input line 36.
LaTeX Font Info:    Checking defaults for OMX/cmex/m/n on input line 36.
LaTeX Font Info:    ... okay on input line 36.
LaTeX Font Info:    Checking defaults for U/cmr/m/n on input line 36.
LaTeX Font Info:    ... okay on input line 36.
LaTeX Font Info:    Checking defaults for PD1/pdf/m/n on input line 36.
LaTeX Font Info:    ... okay on input line 36.
LaTeX Font Info:    Checking defaults for PU/pdf/m/n on input line 36.
LaTeX Font Info:    ... okay on input line 36.

-- Lines per column: 58 (exact).
Package caption Info: Begin \AtBeginDocument code.
Package caption Info: float package is loaded.
Package caption Info: hyperref package is loaded.
Package caption Info: End \AtBeginDocument code.
\AtBeginShipoutBox=\box34
Package hyperref Info: Link coloring OFF on input line 36.

("C:\Users\rona\AppData\Local\Programs\MiKTeX 2.9\tex\latex\hyperref\nameref.st
y"
Package: nameref 2016/05/21 v2.44 Cross-referencing by name of section

("C:\Users\rona\AppData\Local\Programs\MiKTeX 2.9\tex\generic\oberdiek\gettitle
string.sty"
Package: gettitlestring 2016/05/16 v1.5 Cleanup title references (HO)
)
\c@section@level=\count125
)
LaTeX Info: Redefining \ref on input line 36.
LaTeX Info: Redefining \pageref on input line 36.
LaTeX Info: Redefining \nameref on input line 36.
 (paper.out) (paper.out)
\@outlinefile=\write3
\openout3 = `paper.out'.


! Undefined control sequence.
<XeTeXinterchartoks> \xdef \xs@String {\xs@String 
                                                  I}\xs@LearnLetter 
l.43 
     
? 
! Missing } inserted.
<inserted text> 
                }
l.43 
     
? 
! Missing } inserted.
<inserted text> 
                }
l.43 
     
? 
! Missing } inserted.
<inserted text> 
                }
l.43 
     
? 

Underfull \hbox (badness 3118) in paragraph at lines 45--47
[]\OT1/ptm/b/it/9 Abstrak\OT1/ptm/b/n/9 ---Diberikan dua bu-ah \OT1/ptm/b/it/9 
string $\OML/cmm/m/it/9 orig\OT1/cmr/m/n/9 1$ \OT1/ptm/b/n/9 dan $\OML/cmm/m/it
/9 orig\OT1/cmr/m/n/9 2$\OT1/ptm/b/n/9 .
 []

LaTeX Font Info:    Font shape `OT1/ptm/bx/n' in size <6> not available
(Font)              Font shape `OT1/ptm/b/n' tried instead on input line 48.

Underfull \hbox (badness 2111) in paragraph at lines 50--51
\OT1/ptm/b/n/9 ek-se-ku-si pro-gram yang meng-im-ple-men-ta-si al-go-ri-tma yan
g
 []


("C:\Users\rona\AppData\Local\Programs\MiKTeX 2.9\tex\generic\oberdiek\se-ascii
-print.def"
File: se-ascii-print.def 2016/05/16 v1.11 stringenc: Printable ASCII characters

)
Underfull \hbox (badness 10000) in paragraph at lines 68--69
[]\OT1/ptm/m/n/10 Solusi na-if da-ri per-ma-sa-lah-an di atas ada-lah
 []


Underfull \hbox (badness 10000) in paragraph at lines 68--69
\OT1/ptm/m/n/10 de-ngan meng-kom-pu-ta-si se-mua ke-mung-kin-an \OT1/ptm/m/it/1
0 string
 []


Underfull \hbox (badness 10000) in paragraph at lines 68--69
\OML/cmm/m/it/10 orig\OT1/cmr/m/n/10 1$ \OT1/ptm/m/n/10 dan $\OML/cmm/m/it/10 o
rig\OT1/cmr/m/n/10 2$ \OT1/ptm/m/n/10 la-lu meng-hi-tung be-ra-pa ba-nyak
 []


Underfull \hbox (badness 10000) in paragraph at lines 68--69
\OT1/ptm/m/n/10 kom-bi-na-si \OT1/ptm/m/it/10 string $\OML/cmm/m/it/10 orig\OT1
/cmr/m/n/10 1$ \OT1/ptm/m/n/10 dan $\OML/cmm/m/it/10 orig\OT1/cmr/m/n/10 2$ \OT
1/ptm/m/n/10 yang me-mi-li-ki
 []


Underfull \hbox (badness 4254) in paragraph at lines 68--69
\OT1/ptm/m/n/10 be-be-ra-pa su-bma-sa-lah yang me-mi-li-ki ka-rak-te-ris-tik ti
-dak
 []


Underfull \hbox (badness 2012) in paragraph at lines 68--69
\OT1/ptm/m/n/10 jum-lah kom-bi-na-si un-tuk ma-si-ng-ma-sing \OT1/ptm/m/it/10 s
tring $\OML/cmm/m/it/10 ad\OT1/cmr/m/n/10 1$ \OT1/ptm/m/n/10 dan
 []


Underfull \hbox (badness 3354) in paragraph at lines 68--69
\OML/cmm/m/it/10 ad\OT1/cmr/m/n/10 2$\OT1/ptm/m/n/10 . Se-hing-ga pen-de-kat-an
 \OT1/ptm/m/it/10 di-vi-de and co-nqu-er \OT1/ptm/m/n/10 de-ngan
 []


Underfull \hbox (badness 6641) in paragraph at lines 68--69
\OT1/ptm/m/n/10 tek-nik \OT1/ptm/m/it/10 me-et in the mi-ddle \OT1/ptm/m/n/10 d
a-pat di-a-pli-ka-sik-an pa-da
 []


Underfull \hbox (badness 10000) in paragraph at lines 68--69
\OT1/ptm/m/n/10 se-be-lum so-lu-si se-ti-ap su-bma-sa-lah di-ga-bungk-an un-tuk

 []


Underfull \hbox (badness 10000) in paragraph at lines 73--74
[]\OT1/ptm/m/n/10 Untuk me-ran-cang al-go-ri-tma yang op-ti-mal un-tuk
 []

File: images/algo1.jpg Graphic file (type QTm)
<use  "images/algo1.jpg" >
Overfull \vbox (216.60004pt too high) has occurred while \output is active []


! Missing } inserted.
<inserted text> 
                }
l.97 
     
? 
[1


]
File: images/algo2.jpg Graphic file (type QTm)
 <use  "images/algo2.jpg" >
Underfull \hbox (badness 1354) in paragraph at lines 118--119
\OT1/ptm/m/n/10 pes-an as-li yang mung-kin, me-la-ink-an ha-nya me-mer-luk-an
 []


Underfull \hbox (badness 10000) in paragraph at lines 123--123
[]\OT1/ptm/m/n/10 Jumlah kom-bi-na-si
 []


Underfull \hbox (badness 10000) in paragraph at lines 133--133
[]\OT1/ptm/m/n/10 Jumlah
 []


Underfull \hbox (badness 10000) in paragraph at lines 133--133
\OT1/ptm/m/n/10 kom-bi-na-si
 []


Underfull \hbox (badness 10000) in paragraph at lines 133--133
\OT1/ptm/m/it/10 string
 []


Underfull \hbox (badness 10000) in paragraph at lines 133--133
[]\OT1/ptm/m/n/10 Jumlah
 []


Underfull \hbox (badness 10000) in paragraph at lines 133--133
\OT1/ptm/m/n/10 kom-bi-na-si
 []


Underfull \hbox (badness 10000) in paragraph at lines 133--133
\OT1/ptm/m/it/10 string
 []


Overfull \hbox (3.55325pt too wide) in paragraph at lines 133--133
[]\OT1/ptm/m/n/10 total| 
 []

File: images/algo3.jpg Graphic file (type QTm)
<use  "images/algo3.jpg" >

LaTeX Warning: `h' float specifier changed to `ht'.


Underfull \hbox (badness 10000) in paragraph at lines 150--150
[]$[][]\OT1/cmr/m/n/10 ((\OML/cmm/m/it/10 F[] \OMS/cmsy/m/n/10 ^^C
 []


Underfull \hbox (badness 10000) in paragraph at lines 150--150
\OML/cmm/m/it/10 G[]\OT1/cmr/m/n/10 ) +
 []


Underfull \hbox (badness 10000) in paragraph at lines 150--150
\OT1/cmr/m/n/10 (\OML/cmm/m/it/10 G[] \OMS/cmsy/m/n/10 ^^C
 []


Underfull \vbox (badness 10000) has occurred while \output is active []


Underfull \hbox (badness 2781) in paragraph at lines 158--158
\OT1/cmr/m/n/10 (\OML/cmm/m/it/10 mask \OT1/cmr/m/n/10 = 0 \OMS/cmsy/m/n/10 ^
 []


Underfull \hbox (badness 1466) in paragraph at lines 159--159
[]$\OT1/cmr/m/n/10 (\OML/cmm/m/it/10 mask \OT1/cmr/m/n/10 = 0) \OMS/cmsy/m/n/10
 ^
 []


Overfull \hbox (41.87402pt too wide) in paragraph at lines 161--161
\OML/cmm/m/it/10 F\OT1/cmr/m/n/10 1[]$ 
 []


Overfull \hbox (41.91705pt too wide) in paragraph at lines 174--174
\OML/cmm/m/it/10 G\OT1/cmr/m/n/10 1[][] 
 []


Underfull \hbox (badness 10000) in paragraph at lines 174--174
\OT1/cmr/m/n/10 +
 []


Overfull \hbox (41.91705pt too wide) in paragraph at lines 174--174
\OML/cmm/m/it/10 G\OT1/cmr/m/n/10 2[][] 
 []


Underfull \hbox (badness 10000) in paragraph at lines 174--174
\OT1/cmr/m/n/10 +
 []


Overfull \hbox (41.91705pt too wide) in paragraph at lines 174--174
\OML/cmm/m/it/10 G\OT1/cmr/m/n/10 3[]$ 
 []


Overfull \hbox (17.28345pt too wide) in paragraph at lines 182--182
[]$\OML/cmm/m/it/10 F[][] 
 []


Underfull \hbox (badness 10000) in paragraph at lines 182--182
[] \OT1/cmr/m/n/10 =
 []


Overfull \hbox (6.13228pt too wide) detected at line 185
\OML/cmm/m/it/10 F\OT1/cmr/m/n/10 1[] = []
 []


Overfull \hbox (18.71538pt too wide) in paragraph at lines 190--190
[]$\OML/cmm/m/it/10 G[][] 
 []


Underfull \hbox (badness 10000) in paragraph at lines 190--190
[] \OT1/cmr/m/n/10 =
 []


Overfull \hbox (6.17531pt too wide) detected at line 193
\OML/cmm/m/it/10 G\OT1/cmr/m/n/10 1[] = []
 []

! Missing } inserted.
<inserted text> 
                }
l.193 \end{equation*}
                     
? 
[2]
Overfull \hbox (10.85289pt too wide) in paragraph at lines 198--198
[][] 
 []


Overfull \hbox (5.0776pt too wide) in paragraph at lines 198--198
[]$ 
 []


Overfull \hbox (9.70692pt too wide) in paragraph at lines 198--198
\OT1/cmr/m/n/10 (\OML/cmm/m/it/10 duplicate[]rule\OT1/cmr/m/n/10 1[] 
 []


Underfull \hbox (badness 10000) in paragraph at lines 198--198
\OML/cmm/m/it/10 True \OMS/cmsy/m/n/10 ^
 []


Overfull \hbox (5.81802pt too wide) in paragraph at lines 198--198
\OML/cmm/m/it/10 duplicate[]rule\OT1/cmr/m/n/10 2[] 
 []


Overfull \hbox (10.85289pt too wide) in paragraph at lines 206--206
[][] 
 []


Overfull \hbox (5.1887pt too wide) in paragraph at lines 206--206
[]$ 
 []


Overfull \hbox (5.81802pt too wide) in paragraph at lines 206--206
\OML/cmm/m/it/10 duplicate[]rule\OT1/cmr/m/n/10 1[] 
 []


Underfull \hbox (badness 10000) in paragraph at lines 206--206
\OT1/cmr/m/n/10 0 \OMS/cmsy/m/n/10 _
 []


Overfull \hbox (5.81802pt too wide) in paragraph at lines 206--206
\OML/cmm/m/it/10 duplicate[]rule\OT1/cmr/m/n/10 3[] 
 []


Underfull \hbox (badness 10000) in paragraph at lines 214--214
[]$\OML/cmm/m/it/10 idx <
 []


Underfull \hbox (badness 10000) in paragraph at lines 214--214
\OML/cmm/m/it/10 S[]\OT1/cmr/m/n/10 ) \OMS/cmsy/m/n/10 ^
 []


Overfull \hbox (13.23106pt too wide) in paragraph at lines 214--214
\OT1/cmr/m/n/10 (\OML/cmm/m/it/10 is[]on[] \OT1/cmr/m/n/10 =
 []


Underfull \hbox (badness 10000) in paragraph at lines 225--225
[] \OMS/cmsy/m/n/10 6\OT1/cmr/m/n/10 =
 []


Underfull \hbox (badness 10000) in paragraph at lines 225--225
[] \OT1/cmr/m/n/10 =
 []


Overfull \hbox (9.64967pt too wide) in paragraph at lines 236--236
\OT1/cmr/m/n/10 (\OML/cmm/m/it/10 charLastPos[][] 
 []


Overfull \hbox (9.64967pt too wide) in paragraph at lines 236--236
\OT1/cmr/m/n/10 (\OML/cmm/m/it/10 charLastPos[][] 
 []


Underfull \hbox (badness 10000) in paragraph at lines 236--236
[] \OT1/cmr/m/n/10 =
 []


Underfull \hbox (badness 10000) in paragraph at lines 253--253
[]\OT1/ptm/m/n/10 String yang ak-an di-ca-ri
 []


Underfull \hbox (badness 10000) in paragraph at lines 254--254
[]\OT1/ptm/m/n/10 Sebuah bi-lang-an bu-lat yang
 []


Underfull \hbox (badness 5652) in paragraph at lines 254--254
\OT1/ptm/m/n/10 ber-tu-gas se-ba-gai \OT1/ptm/m/it/10 bi-tmask \OT1/ptm/m/n/10 
yang
 []


Underfull \hbox (badness 2573) in paragraph at lines 254--254
\OT1/ptm/m/n/10 ma-na sa-ja yang su-dah di-am-bil
 []


Underfull \hbox (badness 10000) in paragraph at lines 255--255
[]\OT1/ptm/m/n/10 Jarak \OT1/ptm/m/it/10 string \OT1/ptm/m/n/10 yang su-dah
 []


Underfull \hbox (badness 3209) in paragraph at lines 255--255
\OT1/ptm/m/n/10 ter-ben-tuk pa-da kon-di-si ter-se-but
 []


Underfull \hbox (badness 10000) in paragraph at lines 255--255
\OT1/ptm/m/n/10 de-ngan \OT1/ptm/m/it/10 string $\OML/cmm/m/it/10 S$ \OT1/ptm/m
/n/10 da-ri $\OML/cmm/m/it/10 bound$
 []


Underfull \hbox (badness 10000) in paragraph at lines 255--255
\OT1/ptm/m/n/10 atau se-ca-ra ma-te-ma-tis da-pat
 []


Underfull \hbox (badness 10000) in paragraph at lines 255--255
\OT1/ptm/m/n/10 di-tu-lisk-an de-ngan $\OML/cmm/m/it/10 bound \OMS/cmsy/m/n/10 
^^@
 []


Underfull \hbox (badness 10000) in paragraph at lines 258--258
[]\OT1/ptm/m/n/10 Mengembalikan jum-lah
 []


Underfull \hbox (badness 10000) in paragraph at lines 258--258
\OT1/ptm/m/n/10 ang-ka 1 pa-da $\OML/cmm/m/it/10 mask$ \OT1/ptm/m/n/10 apa-bi-l
a
 []


Underfull \hbox (badness 10000) in paragraph at lines 258--258
\OT1/ptm/m/n/10 di-rep-re-sen-ta-sik-an da-lam ba-sis
 []


Underfull \hbox (badness 10000) in paragraph at lines 259--259
[]\OT1/ptm/m/n/10 Himpunan in-dex bi-lang-an
 []


Underfull \hbox (badness 10000) in paragraph at lines 259--259
\OT1/ptm/m/n/10 di-rep-re-sen-ta-sik-an da-lam ba-sis
 []


Underfull \hbox (badness 3525) in paragraph at lines 260--260
\OT1/ptm/m/n/10 bi-lang-an pa-da in-dex $\OML/cmm/m/it/10 idx$ \OT1/ptm/m/n/10 
pa-da
 []


Underfull \hbox (badness 10000) in paragraph at lines 263--263
[]\OT1/ptm/m/n/10 Angka yang me-rep-re-sen-ta-sik-an
 []


Underfull \hbox (badness 2384) in paragraph at lines 263--263
\OT1/ptm/m/n/10 pan-jang \OT1/ptm/m/it/10 string $\OML/cmm/m/it/10 orig$ \OT1/p
tm/m/n/10 pa-da \OT1/ptm/m/it/10 sta-te
 []


Underfull \hbox (badness 10000) in paragraph at lines 263--263
\OT1/ptm/m/n/10 ter-se-but. Ni-lai $\OML/cmm/m/it/10 curIdx$ \OT1/ptm/m/n/10 ad
a-lah
 []

! Missing } inserted.
<inserted text> 
                }
l.269 
      
? 
[3]
Underfull \hbox (badness 2302) in paragraph at lines 275--276
[]\OT1/ptm/m/n/10 Uji co-ba ke-be-nar-an di-la-kuk-an de-ngan meng-um-pulk-an
 []


Underfull \hbox (badness 1603) in paragraph at lines 275--276
\OT1/ptm/m/n/10 ber-kas ko-de sum-ber ha-sil im-ple-men-ta-si ke si-tus sis-tem

 []

File: images/single-submission.jpg Graphic file (type QTm)
<use  "images/single-submission.jpg" >
Underfull \hbox (badness 3271) in paragraph at lines 284--285
[]\OT1/ptm/m/n/10 Berikutnya ada-lah pe-ngu-ji-an per-for-ma da-ri al-go-ri-tma

 []

File: submission-chart.png Graphic file (type QTm)
<use  "submission-chart.png" >
! Missing } inserted.
<inserted text> 
                }
l.303 ...30 kali pada situs pengujian daring SPOJ}
                                                  
? 
! Incompatible list can't be unboxed.
\bm@s ->\unhbox \@tempboxa 
                           
l.303 ...30 kali pada situs pengujian daring SPOJ}
                                                  
? 
! Missing } inserted.
<inserted text> 
                }
l.303 ...30 kali pada situs pengujian daring SPOJ}
                                                  
? 

Underfull \hbox (badness 4981) in paragraph at lines 314--315
[]\OT1/ptm/m/n/10 Dari ha-sil uji co-ba yang te-lah di-la-kuk-an ter-ha-dap
 []


Underfull \hbox (badness 10000) in paragraph at lines 317--318
[]\OT1/ptm/m/n/10 Implementasi al-go-ri-tma de-ngan meng-gu-nak-an
 []


Underfull \hbox (badness 1412) in paragraph at lines 317--318
\OT1/ptm/m/n/10 pen-de-kat-an \OT1/ptm/m/it/10 dyna-mic pro-gram-ming \OT1/ptm/
m/n/10 dan tek-nik \OT1/ptm/m/it/10 me-et
 []


Underfull \hbox (badness 4673) in paragraph at lines 317--318
\OT1/ptm/m/it/10 in the mi-ddle \OT1/ptm/m/n/10 da-pat me-nye-le-sa-ik-an per-m
a-sa-lah-an
 []


Underfull \hbox (badness 6559) in paragraph at lines 328--329
[]\OT1/ptm/b/n/8 Introduction To Ja-va - MFC 158 G. \OT1/ptm/m/n/8 [Onli-ne]. A
va-i-la-ble:
 []


Underfull \hbox (badness 10000) in paragraph at lines 328--329
\OT1/ptm/m/n/8 ht-tp://www.acsu.buffalo.edu/ fi-ne-berg/mfc158/week10lecture.ht
m.
 []

Missing character: There is no – in font ptmr7t!

Package caption Warning: Unused \captionsetup[lstlisting] on input line 33.
See the caption package documentation for explanation.

Package atveryend Info: Empty hook `BeforeClearDocument' on input line 341.
[4]
Package atveryend Info: Empty hook `AfterLastShipout' on input line 341.
 (paper.aux)
Package atveryend Info: Empty hook `AtVeryEndDocument' on input line 341.
Package atveryend Info: Empty hook `AtEndAfterFileList' on input line 341.
Package atveryend Info: Empty hook `AtVeryVeryEnd' on input line 341.
 ) 
Here is how much of TeX's memory you used:
 11316 strings out of 428410
 164728 string characters out of 3156958
 271651 words of memory out of 3000000
 14653 multiletter control sequences out of 15000+200000
 28964 words of font info for 67 fonts, out of 3000000 for 9000
 1328 hyphenation exceptions out of 8191
 36i,14n,45p,1260b,340s stack positions out of 5000i,500n,10000p,200000b,50000s

Output written on paper.pdf (4 pages).
