\BOOKMARK [0][-]{Doc-Start}{ABSTRAK}{}% 1
\BOOKMARK [0][-]{Doc-Start}{ABSTRACT}{}% 2
\BOOKMARK [0][-]{chapter*.1}{KATA\040PENGANTAR}{}% 3
\BOOKMARK [0][-]{chapter*.2}{DAFTAR\040ISI}{}% 4
\BOOKMARK [0][-]{chapter*.3}{DAFTAR\040TABEL}{}% 5
\BOOKMARK [0][-]{chapter*.4}{DAFTAR\040GAMBAR}{}% 6
\BOOKMARK [0][-]{chapter*.5}{DAFTAR\040KODE\040SUMBER}{}% 7
\BOOKMARK [0][-]{chapter.1}{PENDAHULUAN}{}% 8
\BOOKMARK [1][-]{section.1.1}{Latar\040Belakang}{chapter.1}% 9
\BOOKMARK [1][-]{section.1.2}{Rumusan\040Masalah}{chapter.1}% 10
\BOOKMARK [1][-]{section.1.3}{Batasan\040Masalah}{chapter.1}% 11
\BOOKMARK [1][-]{section.1.4}{Tujuan}{chapter.1}% 12
\BOOKMARK [1][-]{section.1.5}{Metodologi}{chapter.1}% 13
\BOOKMARK [1][-]{section.1.6}{Sistematika\040Penulisan}{chapter.1}% 14
\BOOKMARK [0][-]{chapter.2}{LANDASAN\040TEORI}{}% 15
\BOOKMARK [1][-]{section.2.1}{Amazon\040Web\040Service}{chapter.2}% 16
\BOOKMARK [1][-]{section.2.2}{\040Concurrency}{chapter.2}% 17
\BOOKMARK [1][-]{section.2.3}{\040Data\040Growth}{chapter.2}% 18
\BOOKMARK [1][-]{section.2.4}{\040JSON\040Web\040Token}{chapter.2}% 19
\BOOKMARK [1][-]{section.2.5}{\040Laravel}{chapter.2}% 20
\BOOKMARK [1][-]{section.2.6}{\040Laravel\040Dusk}{chapter.2}% 21
\BOOKMARK [1][-]{section.2.7}{\040Lelang}{chapter.2}% 22
\BOOKMARK [1][-]{section.2.8}{\040Lelang\040Daring\040/\040Lelang\040Online}{chapter.2}% 23
\BOOKMARK [1][-]{section.2.9}{\040MongoDB}{chapter.2}% 24
\BOOKMARK [1][-]{section.2.10}{Node.js}{chapter.2}% 25
\BOOKMARK [1][-]{section.2.11}{NoSQL}{chapter.2}% 26
\BOOKMARK [1][-]{section.2.12}{\040npm\040/\040Node\040Package\040Manager}{chapter.2}% 27
\BOOKMARK [1][-]{section.2.13}{\040PostgreSQL}{chapter.2}% 28
\BOOKMARK [1][-]{section.2.14}{\040Repository\040Pattern}{chapter.2}% 29
\BOOKMARK [1][-]{section.2.15}{\040SendGrid}{chapter.2}% 30
\BOOKMARK [1][-]{section.2.16}{\040Service\040Worker}{chapter.2}% 31
\BOOKMARK [1][-]{section.2.17}{\040SMTP\040/\040Simple\040Mail\040Transfer\040Protocol}{chapter.2}% 32
\BOOKMARK [1][-]{section.2.18}{\040Socket.io}{chapter.2}% 33
\BOOKMARK [1][-]{section.2.19}{\040Test\040Script}{chapter.2}% 34
\BOOKMARK [1][-]{section.2.20}{\040Vendu\040Reglement}{chapter.2}% 35
\BOOKMARK [1][-]{section.2.21}{\040Vue.js\040/\040Vue}{chapter.2}% 36
\BOOKMARK [1][-]{section.2.22}{\040Whitelist}{chapter.2}% 37
\BOOKMARK [0][-]{chapter.3}{ANALISA\040DAN\040PERANCANGAN\040SISTEM}{}% 38
\BOOKMARK [1][-]{section.3.1}{Analisa\040Sistem}{chapter.3}% 39
\BOOKMARK [2][-]{subsection.3.1.1}{Deskripsi\040Umum\040Aplikasi}{section.3.1}% 40
\BOOKMARK [2][-]{subsection.3.1.2}{Analisa\040Paper\040Rujukan}{section.3.1}% 41
\BOOKMARK [2][-]{subsection.3.1.3}{Bussiness\040Aspects\040of\040Software\040Engineering}{section.3.1}% 42
\BOOKMARK [2][-]{subsection.3.1.4}{Technical\040Analysis}{section.3.1}% 43
\BOOKMARK [2][-]{subsection.3.1.5}{Analisa\040Penulis}{section.3.1}% 44
\BOOKMARK [2][-]{subsection.3.1.6}{Spesifikasi\040Kebutuhan\040Non-Fungsional}{section.3.1}% 45
\BOOKMARK [2][-]{subsection.3.1.7}{Tugas\040dan\040Hak\040Akses\040Aktor}{section.3.1}% 46
\BOOKMARK [1][-]{section.3.2}{Perancangan\040Sistem}{chapter.3}% 47
\BOOKMARK [2][-]{subsection.3.2.1}{Spesifikasi\040Kasus\040Penggunaan}{section.3.2}% 48
\BOOKMARK [2][-]{subsection.3.2.2}{Identifikasi\040Komponen\040Fundamental}{section.3.2}% 49
\BOOKMARK [2][-]{subsection.3.2.3}{Technology\040Options}{section.3.2}% 50
\BOOKMARK [2][-]{subsection.3.2.4}{Arsitektur\040Perangkat\040Lunak}{section.3.2}% 51
\BOOKMARK [2][-]{subsection.3.2.5}{Struktur\040Aplikasi}{section.3.2}% 52
\BOOKMARK [2][-]{subsection.3.2.6}{Perancangan\040Database}{section.3.2}% 53
\BOOKMARK [2][-]{subsection.3.2.7}{Kamus\040Data\040Database\040Transaksional}{section.3.2}% 54
\BOOKMARK [2][-]{subsection.3.2.8}{Kamus\040Data\040Database\040Non-Transaksional}{section.3.2}% 55
\BOOKMARK [0][-]{chapter.4}{IMPLEMENTASI}{}% 56
\BOOKMARK [1][-]{section.4.1}{Implementasi\040Perangkat\040Keras/\040Deployment}{chapter.4}% 57
\BOOKMARK [1][-]{section.4.2}{Implementasi\040Perangkat\040Lunak}{chapter.4}% 58
\BOOKMARK [2][-]{subsection.4.2.1}{Strategi\040Deploym